<?xml version="1.0" encoding="UTF-8"?>
<coverage generated="1351697416">
  <project timestamp="1351697416">
    <file name="/Users/likang/Projects/jenkins-test/lib/foo.php">
      <class name="Foo" namespace="global">
        <metrics methods="1" coveredmethods="1" conditionals="0" coveredconditionals="0" statements="1" coveredstatements="1" elements="2" coveredelements="2"/>
      </class>
      <line num="4" type="stmt" count="1"/>
      <line num="9" type="method" name="foo" crap="1" count="1"/>
      <line num="11" type="stmt" count="1"/>
      <metrics loc="13" ncloc="13" classes="1" methods="1" coveredmethods="1" conditionals="0" coveredconditionals="0" statements="2" coveredstatements="2" elements="3" coveredelements="3"/>
    </file>
    <file name="/Users/likang/Projects/jenkins-test/src/bar.php">
      <line num="2" type="stmt" count="0"/>
      <line num="3" type="stmt" count="0"/>
      <line num="4" type="stmt" count="0"/>
      <metrics loc="4" ncloc="4" classes="0" methods="0" coveredmethods="0" conditionals="0" coveredconditionals="0" statements="3" coveredstatements="0" elements="3" coveredelements="0"/>
    </file>
    <metrics files="2" loc="17" ncloc="17" classes="1" methods="1" coveredmethods="1" conditionals="0" coveredconditionals="0" statements="5" coveredstatements="2" elements="6" coveredelements="3"/>
  </project>
</coverage>
